{"/Users/heqing/git/doodoo.js/packages/doodoo.js/lib/context.js":{"path":"/Users/heqing/git/doodoo.js/packages/doodoo.js/lib/context.js","s":{"1":1,"2":1,"3":1,"4":0,"5":0,"6":0,"7":0,"8":0,"9":0,"10":0,"11":0,"12":0,"13":1,"14":1,"15":0,"16":0,"17":0,"18":0},"b":{"1":[0,0],"2":[0,0],"3":[0,0]},"f":{"1":0,"2":0,"3":0,"4":0,"5":0,"6":1,"7":1,"8":0,"9":0},"fnMap":{"1":{"name":"(anonymous_1)","line":5,"loc":{"start":{"line":5,"column":9},"end":{"line":5,"column":12}}},"2":{"name":"(anonymous_2)","line":12,"loc":{"start":{"line":12,"column":10},"end":{"line":12,"column":13}}},"3":{"name":"(anonymous_3)","line":19,"loc":{"start":{"line":19,"column":10},"end":{"line":19,"column":13}}},"4":{"name":"(anonymous_4)","line":23,"loc":{"start":{"line":23,"column":10},"end":{"line":23,"column":13}}},"5":{"name":"(anonymous_5)","line":27,"loc":{"start":{"line":27,"column":12},"end":{"line":27,"column":21}}},"6":{"name":"(anonymous_6)","line":31,"loc":{"start":{"line":31,"column":8},"end":{"line":31,"column":15}}},"7":{"name":"(anonymous_7)","line":35,"loc":{"start":{"line":35,"column":11},"end":{"line":35,"column":18}}},"8":{"name":"(anonymous_8)","line":39,"loc":{"start":{"line":39,"column":8},"end":{"line":39,"column":40}}},"9":{"name":"(anonymous_9)","line":43,"loc":{"start":{"line":43,"column":12},"end":{"line":43,"column":19}}}},"statementMap":{"1":{"start":{"line":1,"column":0},"end":{"line":1,"column":25}},"2":{"start":{"line":2,"column":0},"end":{"line":2,"column":29}},"3":{"start":{"line":4,"column":0},"end":{"line":49,"column":2}},"4":{"start":{"line":6,"column":8},"end":{"line":8,"column":9}},"5":{"start":{"line":7,"column":12},"end":{"line":7,"column":24}},"6":{"start":{"line":9,"column":8},"end":{"line":9,"column":21}},"7":{"start":{"line":13,"column":8},"end":{"line":15,"column":9}},"8":{"start":{"line":14,"column":12},"end":{"line":14,"column":24}},"9":{"start":{"line":16,"column":8},"end":{"line":16,"column":21}},"10":{"start":{"line":20,"column":8},"end":{"line":20,"column":65}},"11":{"start":{"line":24,"column":8},"end":{"line":24,"column":43}},"12":{"start":{"line":28,"column":8},"end":{"line":28,"column":52}},"13":{"start":{"line":32,"column":8},"end":{"line":32,"column":25}},"14":{"start":{"line":36,"column":8},"end":{"line":36,"column":60}},"15":{"start":{"line":40,"column":8},"end":{"line":40,"column":56}},"16":{"start":{"line":44,"column":8},"end":{"line":44,"column":65}},"17":{"start":{"line":46,"column":8},"end":{"line":46,"column":76}},"18":{"start":{"line":47,"column":8},"end":{"line":47,"column":45}}},"branchMap":{"1":{"line":6,"type":"if","locations":[{"start":{"line":6,"column":8},"end":{"line":6,"column":8}},{"start":{"line":6,"column":8},"end":{"line":6,"column":8}}]},"2":{"line":13,"type":"if","locations":[{"start":{"line":13,"column":8},"end":{"line":13,"column":8}},{"start":{"line":13,"column":8},"end":{"line":13,"column":8}}]},"3":{"line":24,"type":"binary-expr","locations":[{"start":{"line":24,"column":15},"end":{"line":24,"column":33}},{"start":{"line":24,"column":37},"end":{"line":24,"column":42}}]}}},"/Users/heqing/git/doodoo.js/packages/doodoo.js/lib/core/controller.js":{"path":"/Users/heqing/git/doodoo.js/packages/doodoo.js/lib/core/controller.js","s":{"1":1,"2":1,"3":1,"4":1,"5":1,"6":1,"7":1,"8":1,"9":96,"10":0,"11":0,"12":96,"13":61,"14":0,"15":1,"16":35},"b":{"1":[0,96],"2":[61,35]},"f":{"1":1},"fnMap":{"1":{"name":"(anonymous_1)","line":5,"loc":{"start":{"line":5,"column":15},"end":{"line":5,"column":27}}}},"statementMap":{"1":{"start":{"line":1,"column":0},"end":{"line":1,"column":28}},"2":{"start":{"line":2,"column":0},"end":{"line":2,"column":33}},"3":{"start":{"line":4,"column":0},"end":{"line":36,"column":2}},"4":{"start":{"line":6,"column":8},"end":{"line":6,"column":75}},"5":{"start":{"line":7,"column":8},"end":{"line":7,"column":77}},"6":{"start":{"line":9,"column":8},"end":{"line":9,"column":23}},"7":{"start":{"line":10,"column":8},"end":{"line":10,"column":25}},"8":{"start":{"line":12,"column":8},"end":{"line":34,"column":9}},"9":{"start":{"line":13,"column":12},"end":{"line":20,"column":13}},"10":{"start":{"line":14,"column":16},"end":{"line":18,"column":18}},"11":{"start":{"line":19,"column":16},"end":{"line":19,"column":25}},"12":{"start":{"line":22,"column":12},"end":{"line":33,"column":13}},"13":{"start":{"line":23,"column":16},"end":{"line":30,"column":19}},"14":{"start":{"line":25,"column":24},"end":{"line":25,"column":46}},"15":{"start":{"line":28,"column":24},"end":{"line":28,"column":47}},"16":{"start":{"line":32,"column":16},"end":{"line":32,"column":39}}},"branchMap":{"1":{"line":13,"type":"if","locations":[{"start":{"line":13,"column":12},"end":{"line":13,"column":12}},{"start":{"line":13,"column":12},"end":{"line":13,"column":12}}]},"2":{"line":22,"type":"if","locations":[{"start":{"line":22,"column":12},"end":{"line":22,"column":12}},{"start":{"line":22,"column":12},"end":{"line":22,"column":12}}]}}},"/Users/heqing/git/doodoo.js/packages/doodoo.js/lib/core/error.js":{"path":"/Users/heqing/git/doodoo.js/packages/doodoo.js/lib/core/error.js","s":{"1":1,"2":0,"3":1,"4":0,"5":1,"6":0,"7":0,"8":0,"9":1},"b":{"1":[0,0]},"f":{"1":0},"fnMap":{"1":{"name":"notifyError","line":1,"loc":{"start":{"line":1,"column":0},"end":{"line":1,"column":31}}}},"statementMap":{"1":{"start":{"line":1,"column":0},"end":{"line":3,"column":1}},"2":{"start":{"line":2,"column":4},"end":{"line":2,"column":23}},"3":{"start":{"line":6,"column":0},"end":{"line":8,"column":3}},"4":{"start":{"line":7,"column":4},"end":{"line":7,"column":24}},"5":{"start":{"line":11,"column":0},"end":{"line":17,"column":3}},"6":{"start":{"line":12,"column":4},"end":{"line":12,"column":21}},"7":{"start":{"line":14,"column":4},"end":{"line":16,"column":5}},"8":{"start":{"line":15,"column":8},"end":{"line":15,"column":23}},"9":{"start":{"line":19,"column":0},"end":{"line":21,"column":2}}},"branchMap":{"1":{"line":14,"type":"if","locations":[{"start":{"line":14,"column":4},"end":{"line":14,"column":4}},{"start":{"line":14,"column":4},"end":{"line":14,"column":4}}]}}}}