TN:
SF:/Users/heqing/git/doodoo.js/packages/doodoo.js/lib/application.js
FN:32,(anonymous_0)
FN:48,(anonymous_1)
FN:76,(anonymous_2)
FN:92,(anonymous_3)
FN:93,(anonymous_4)
FN:103,(anonymous_5)
FN:111,(anonymous_6)
FN:114,(anonymous_7)
FN:115,(anonymous_8)
FN:132,(anonymous_9)
FN:148,(anonymous_10)
FN:178,(anonymous_11)
FNF:12
FNH:9
FNDA:6,(anonymous_0)
FNDA:1,(anonymous_1)
FNDA:1,(anonymous_2)
FNDA:0,(anonymous_3)
FNDA:0,(anonymous_4)
FNDA:0,(anonymous_5)
FNDA:1,(anonymous_6)
FNDA:1,(anonymous_7)
FNDA:1,(anonymous_8)
FNDA:1,(anonymous_9)
FNDA:1,(anonymous_10)
FNDA:1,(anonymous_11)
DA:1,1
DA:2,1
DA:3,1
DA:4,1
DA:5,1
DA:6,1
DA:7,1
DA:8,1
DA:9,1
DA:10,1
DA:11,1
DA:12,1
DA:13,1
DA:14,1
DA:15,1
DA:18,1
DA:22,1
DA:23,1
DA:32,1
DA:33,6
DA:36,1
DA:41,1
DA:49,1
DA:52,1
DA:53,1
DA:56,1
DA:57,1
DA:58,1
DA:59,1
DA:60,1
DA:63,1
DA:66,1
DA:67,1
DA:68,1
DA:71,1
DA:72,1
DA:73,1
DA:76,1
DA:77,1
DA:79,1
DA:81,1
DA:82,1
DA:84,1
DA:93,0
DA:94,0
DA:96,0
DA:104,0
DA:113,1
DA:114,1
DA:115,1
DA:116,1
DA:117,1
DA:119,0
DA:120,0
DA:124,1
DA:134,1
DA:137,1
DA:138,1
DA:140,1
DA:141,1
DA:150,1
DA:151,1
DA:152,1
DA:153,2
DA:154,0
DA:155,0
DA:157,2
DA:162,1
DA:163,1
DA:165,1
DA:166,1
DA:170,1
DA:172,1
DA:180,1
DA:182,1
DA:183,1
DA:184,1
DA:185,1
DA:188,1
DA:192,1
DA:195,1
DA:200,1
LF:82
LH:74
BRDA:48,0,0,1
BRDA:72,1,0,1
BRDA:72,1,1,1
BRDA:73,2,0,1
BRDA:73,2,1,1
BRDA:116,3,0,1
BRDA:116,3,1,0
BRDA:153,4,0,0
BRDA:153,4,1,2
BRDA:162,5,0,1
BRDA:162,5,1,0
BRDA:165,6,0,1
BRDA:165,6,1,0
BRDA:189,7,0,1
BRDA:189,7,1,1
BRF:15
BRH:11
end_of_record
TN:
SF:/Users/heqing/git/doodoo.js/packages/doodoo.js/lib/context.js
FNF:0
FNH:0
DA:1,1
DA:2,1
DA:4,1
DA:6,0
DA:7,0
DA:9,0
DA:13,0
DA:14,0
DA:16,0
DA:20,0
DA:24,0
DA:28,0
DA:32,1
DA:36,1
DA:40,0
DA:44,0
DA:46,0
DA:47,0
LF:18
LH:5
BRDA:6,0,0,0
BRDA:6,0,1,0
BRDA:13,1,0,0
BRDA:13,1,1,0
BRDA:24,2,0,0
BRDA:24,2,1,0
BRDA:39,3,0,0
BRDA:39,4,0,0
BRF:8
BRH:0
end_of_record
TN:
SF:/Users/heqing/git/doodoo.js/packages/doodoo.js/lib/global.js
FN:13,usePlugin
FN:52,requirePlugin
FN:100,expressMiddlewareToKoaMiddleware
FN:101,(anonymous_3)
FN:106,(anonymous_4)
FN:107,(anonymous_5)
FN:120,yamlLoad
FNF:7
FNH:1
FNDA:0,usePlugin
FNDA:0,requirePlugin
FNDA:0,expressMiddlewareToKoaMiddleware
FNDA:0,(anonymous_3)
FNDA:0,(anonymous_4)
FNDA:0,(anonymous_5)
FNDA:6,yamlLoad
DA:1,1
DA:2,1
DA:3,1
DA:4,1
DA:5,1
DA:6,1
DA:14,0
DA:16,0
DA:17,0
DA:18,0
DA:20,0
DA:21,0
DA:24,0
DA:25,0
DA:26,0
DA:28,0
DA:29,0
DA:32,0
DA:35,0
DA:36,0
DA:39,0
DA:40,0
DA:42,0
DA:43,0
DA:44,0
DA:53,0
DA:59,0
DA:61,0
DA:62,0
DA:63,0
DA:65,0
DA:66,0
DA:69,0
DA:81,0
DA:82,0
DA:84,0
DA:85,0
DA:87,0
DA:88,0
DA:91,0
DA:101,0
DA:102,0
DA:103,0
DA:104,0
DA:106,0
DA:107,0
DA:108,0
DA:109,0
DA:121,6
DA:122,2
DA:126,1
LF:51
LH:9
BRDA:14,0,0,0
BRDA:14,0,1,0
BRDA:20,1,0,0
BRDA:20,1,1,0
BRDA:28,2,0,0
BRDA:28,2,1,0
BRDA:35,3,0,0
BRDA:35,3,1,0
BRDA:39,4,0,0
BRDA:39,4,1,0
BRDA:42,5,0,0
BRDA:42,5,1,0
BRDA:52,6,0,0
BRDA:65,7,0,0
BRDA:65,7,1,0
BRDA:81,8,0,0
BRDA:81,8,1,0
BRDA:84,9,0,0
BRDA:84,9,1,0
BRDA:87,10,0,0
BRDA:87,10,1,0
BRDA:102,11,0,0
BRDA:102,11,1,0
BRDA:108,12,0,0
BRDA:108,12,1,0
BRDA:121,13,0,2
BRDA:121,13,1,4
BRF:27
BRH:2
end_of_record
TN:
SF:/Users/heqing/git/doodoo.js/packages/doodoo.js/lib/core/controller.js
FN:5,(anonymous_0)
FN:24,(anonymous_1)
FN:27,(anonymous_2)
FNF:3
FNH:2
FNDA:1,(anonymous_0)
FNDA:0,(anonymous_1)
FNDA:1,(anonymous_2)
DA:1,1
DA:2,1
DA:4,1
DA:6,1
DA:7,1
DA:9,1
DA:10,1
DA:12,1
DA:13,96
DA:14,0
DA:19,0
DA:22,96
DA:23,61
DA:25,0
DA:28,1
DA:32,35
LF:16
LH:13
BRDA:13,0,0,0
BRDA:13,0,1,96
BRDA:22,1,0,61
BRDA:22,1,1,35
BRF:4
BRH:3
end_of_record
TN:
SF:/Users/heqing/git/doodoo.js/packages/doodoo.js/lib/core/error.js
FN:1,notifyError
FN:6,(anonymous_1)
FN:11,(anonymous_2)
FNF:3
FNH:0
FNDA:0,notifyError
FNDA:0,(anonymous_1)
FNDA:0,(anonymous_2)
DA:2,0
DA:6,1
DA:7,0
DA:11,1
DA:12,0
DA:14,0
DA:15,0
DA:19,1
LF:8
LH:3
BRDA:14,0,0,0
BRDA:14,0,1,0
BRF:2
BRH:0
end_of_record
TN:
SF:/Users/heqing/git/doodoo.js/packages/doodoo.js/lib/core/hook.js
FN:5,(anonymous_0)
FN:11,(anonymous_1)
FN:18,(anonymous_2)
FN:26,(anonymous_3)
FNF:4
FNH:3
FNDA:1,(anonymous_0)
FNDA:1,(anonymous_1)
FNDA:0,(anonymous_2)
FNDA:1,(anonymous_3)
DA:1,1
DA:2,1
DA:4,1
DA:6,1
DA:7,1
DA:8,1
DA:12,1
DA:13,1
DA:14,0
DA:19,0
DA:20,0
DA:22,0
DA:27,1
DA:30,1
DA:31,0
DA:32,0
DA:33,0
LF:17
LH:10
BRDA:12,0,0,1
BRDA:12,0,1,1
BRDA:19,1,0,0
BRDA:19,1,1,0
BRF:4
BRH:2
end_of_record
TN:
SF:/Users/heqing/git/doodoo.js/packages/doodoo.js/lib/core/router.js
FN:14,isClass
FN:23,(anonymous_1)
FN:30,(anonymous_2)
FN:66,(anonymous_3)
FNF:4
FNH:4
FNDA:1,isClass
FNDA:1,(anonymous_1)
FNDA:1,(anonymous_2)
FNDA:1,(anonymous_3)
DA:1,1
DA:2,1
DA:3,1
DA:4,1
DA:5,1
DA:15,1
DA:16,1
DA:18,0
DA:22,1
DA:24,1
DA:25,1
DA:27,1
DA:31,1
DA:34,1
DA:35,1
DA:36,1
DA:37,1
DA:44,0
DA:51,0
DA:53,1
DA:54,0
DA:57,1
DA:58,1
DA:59,1
DA:60,7
DA:61,6
DA:64,1
DA:67,1
DA:68,1
DA:78,1
DA:79,5
DA:80,4
DA:83,5
DA:84,1
DA:91,1
DA:92,1
DA:96,1
DA:99,1
LF:38
LH:34
BRDA:15,0,0,1
BRDA:15,0,1,0
BRDA:23,1,0,0
BRDA:25,2,0,1
BRDA:25,2,1,0
BRDA:37,3,0,0
BRDA:37,3,1,1
BRDA:38,4,0,1
BRDA:38,4,1,1
BRDA:53,5,0,0
BRDA:53,5,1,1
BRDA:60,6,0,6
BRDA:60,6,1,1
BRDA:60,7,0,7
BRDA:60,7,1,2
BRDA:79,8,0,4
BRDA:79,8,1,1
BRDA:83,9,0,1
BRDA:83,9,1,4
BRF:19
BRH:14
end_of_record
